<?xml version="1.0" encoding="UTF-8"?>
<!-- Generated by org.testng.reporters.JUnitReportReporter -->
<testsuite hostname="ShishirDwivedi" name="utils.ParsingHTML" tests="1" failures="0" timestamp="14 Nov 2014 09:13:16 GMT" time="0.257" errors="0">
  <testcase name="goCrazy" time="0.257" classname="utils.ParsingHTML"/>
</testsuite> <!-- utils.ParsingHTML -->
