<?xml version="1.0" encoding="UTF-8"?>
<!-- Generated by org.testng.reporters.JUnitReportReporter -->
<testsuite hostname="ShishirDwivedi" name="Test.AdminPanel.Payments.TestTransactionNB" tests="1" failures="0" timestamp="12 Nov 2014 10:05:44 GMT" time="43.211" errors="0">
  <testcase name="test_NB_AXISNB" time="43.211" classname="Test.AdminPanel.Payments.TestTransactionNB"/>
</testsuite> <!-- Test.AdminPanel.Payments.TestTransactionNB -->
