<?xml version="1.0" encoding="UTF-8"?>
<!-- Generated by org.testng.reporters.JUnitReportReporter -->
<testsuite hostname="ShishirDwivedi" name="Test.AdminPanel.Payments.TestTransactionSeamlessNB" tests="1" failures="0" timestamp="12 Nov 2014 10:05:44 GMT" time="61.812" errors="0">
  <testcase name="test_Seamless_NB_AXISNB" time="61.812" classname="Test.AdminPanel.Payments.TestTransactionSeamlessNB"/>
</testsuite> <!-- Test.AdminPanel.Payments.TestTransactionSeamlessNB -->
