<?xml version="1.0" encoding="UTF-8"?>
<!-- Generated by org.testng.reporters.JUnitReportReporter -->
<testsuite hostname="ShishirDwivedi" name="Test.AdminPanel.Payments.TestTransactionNB" tests="1" failures="0" timestamp="11 Nov 2014 06:38:18 GMT" time="32.562" errors="0">
  <testcase name="test_NB_AXISNB" time="32.562" classname="Test.AdminPanel.Payments.TestTransactionNB"/>
</testsuite> <!-- Test.AdminPanel.Payments.TestTransactionNB -->
