<?xml version="1.0" encoding="UTF-8"?>
<!-- Generated by org.testng.reporters.JUnitReportReporter -->
<testsuite hostname="ShishirDwivedi" name="Test.AdminPanel.Payments.TestTransactionSeamlessNB" tests="1" failures="0" timestamp="11 Nov 2014 06:38:18 GMT" time="41.464" errors="0">
  <testcase name="test_Seamless_NB_AXISNB" time="41.464" classname="Test.AdminPanel.Payments.TestTransactionSeamlessNB"/>
</testsuite> <!-- Test.AdminPanel.Payments.TestTransactionSeamlessNB -->
