<?xml version="1.0" encoding="UTF-8"?>
<!-- Generated by org.testng.reporters.JUnitReportReporter -->
<testsuite hostname="ShishirDwivedi" name="Test.AdminPanel.Filters.TestBlackListing" tests="1" failures="0" timestamp="11 Nov 2014 08:54:02 GMT" time="57.475" errors="1">
  <testcase name="blackListedPhoneNoGlobal" time="57.475" classname="Test.AdminPanel.Filters.TestBlackListing">
    <error type="java.lang.AssertionError" message="The following asserts failed:
&lt;font color=&#039;Red&#039;&gt;Expected &#039;Response Param &#039;PG_TYPE&#039;&#039; was :-&#039;&#039;. But actual is &#039;HDFCPG&#039;&lt;/font&gt;&lt;/br&gt;This is generated by soft asset, &lt;font color=&#039;Red&#039;&gt;Failed to verify Test Response&lt;/font&gt;&lt;/br&gt;This is generated by soft asset">
      <![CDATA[java.lang.AssertionError: The following asserts failed:
<font color='Red'>Expected 'Response Param 'PG_TYPE'' was :-''. But actual is 'HDFCPG'</font></br>This is generated by soft asset, <font color='Red'>Failed to verify Test Response</font></br>This is generated by soft asset
	at org.testng.asserts.SoftAssert.assertAll(SoftAssert.java:38)
	at Test.AdminPanel.Filters.TestBlackListing.blackListedPhoneNoGlobal(TestBlackListing.java:389)
	at sun.reflect.NativeMethodAccessorImpl.invoke0(Native Method)
	at sun.reflect.NativeMethodAccessorImpl.invoke(NativeMethodAccessorImpl.java:62)
	at sun.reflect.DelegatingMethodAccessorImpl.invoke(DelegatingMethodAccessorImpl.java:43)
	at java.lang.reflect.Method.invoke(Method.java:483)
	at org.testng.internal.MethodInvocationHelper.invokeMethod(MethodInvocationHelper.java:84)
	at org.testng.internal.InvokeMethodRunnable.runOne(InvokeMethodRunnable.java:46)
	at org.testng.internal.InvokeMethodRunnable.run(InvokeMethodRunnable.java:37)
	at java.util.concurrent.Executors$RunnableAdapter.call(Executors.java:511)
	at java.util.concurrent.FutureTask.run(FutureTask.java:266)
	at java.util.concurrent.ThreadPoolExecutor.runWorker(ThreadPoolExecutor.java:1142)
	at java.util.concurrent.ThreadPoolExecutor$Worker.run(ThreadPoolExecutor.java:617)
	at java.lang.Thread.run(Thread.java:745)
]]>
    </error>
  </testcase> <!-- blackListedPhoneNoGlobal -->
</testsuite> <!-- Test.AdminPanel.Filters.TestBlackListing -->
