<?xml version="1.0" encoding="UTF-8"?>
<!-- Generated by org.testng.reporters.JUnitReportReporter -->
<testsuite hostname="ShishirDwivedi" name="Test.AdminPanel.Filters.TestBlackListing" tests="1" failures="1" timestamp="11 Nov 2014 08:38:45 GMT" time="600.057" errors="0">
  <testcase name="blackListedPhoneNoGlobal" time="600.057" classname="Test.AdminPanel.Filters.TestBlackListing">
    <failure type="org.testng.internal.thread.ThreadTimeoutException" message="Method org.testng.internal.TestNGMethod.blackListedPhoneNoGlobal() didn&#039;t finish within the time-out 600000">
      <![CDATA[org.testng.internal.thread.ThreadTimeoutException: Method org.testng.internal.TestNGMethod.blackListedPhoneNoGlobal() didn't finish within the time-out 600000
	at Utils.Log.Fail(Log.java:62)
	at Utils.Config.logFail(Config.java:286)
	at Utils.Helper.compareTrue(Helper.java:391)
	at PageObject.AdminPanel.Payments.Response.TestResponsePage.VerifyTransactionResponse(TestResponsePage.java:942)
	at PageObject.AdminPanel.Payments.Response.TestResponsePage.VerifyTransactionResponse(TestResponsePage.java:957)
	at PageObject.AdminPanel.Filters.RiskHomePage.performTransaction(RiskHomePage.java:182)
	at Test.AdminPanel.Filters.TestBlackListing.blackListedPhoneNoGlobal(TestBlackListing.java:380)
	at sun.reflect.NativeMethodAccessorImpl.invoke0(Native Method)
	at sun.reflect.NativeMethodAccessorImpl.invoke(NativeMethodAccessorImpl.java:62)
	at sun.reflect.DelegatingMethodAccessorImpl.invoke(DelegatingMethodAccessorImpl.java:43)
	at java.lang.reflect.Method.invoke(Method.java:483)
	at org.testng.internal.MethodInvocationHelper.invokeMethod(MethodInvocationHelper.java:84)
	at org.testng.internal.InvokeMethodRunnable.runOne(InvokeMethodRunnable.java:46)
	at org.testng.internal.InvokeMethodRunnable.run(InvokeMethodRunnable.java:37)
	at java.util.concurrent.Executors$RunnableAdapter.call(Executors.java:511)
	at java.util.concurrent.FutureTask.run(FutureTask.java:266)
	at java.util.concurrent.ThreadPoolExecutor.runWorker(ThreadPoolExecutor.java:1142)
	at java.util.concurrent.ThreadPoolExecutor$Worker.run(ThreadPoolExecutor.java:617)
	at java.lang.Thread.run(Thread.java:745)
]]>
    </failure>
  </testcase> <!-- blackListedPhoneNoGlobal -->
</testsuite> <!-- Test.AdminPanel.Filters.TestBlackListing -->
