<?xml version="1.0" encoding="UTF-8"?>
<!-- Generated by org.testng.reporters.JUnitReportReporter -->
<testsuite hostname="ShishirDwivedi" name="Test.AdminPanel.Filters.TestBlackListing" tests="1" failures="0" timestamp="11 Nov 2014 08:57:01 GMT" time="71.706" errors="0">
  <testcase name="blackListedPhoneNoGlobal" time="71.706" classname="Test.AdminPanel.Filters.TestBlackListing"/>
</testsuite> <!-- Test.AdminPanel.Filters.TestBlackListing -->
