<?xml version="1.0" encoding="UTF-8" ?>
<testsuite tests="2" failures="1" name="TestSuite" time="321.104" errors="0" skipped="1">
  <properties>
    <property name="java.runtime.name" value="Java(TM) SE Runtime Environment"/>
    <property name="sun.boot.library.path" value="C:\Program Files\Java\jdk1.8.0_11\jre\bin"/>
    <property name="java.vm.version" value="25.11-b03"/>
    <property name="java.vm.vendor" value="Oracle Corporation"/>
    <property name="java.vendor.url" value="http://java.oracle.com/"/>
    <property name="path.separator" value=";"/>
    <property name="java.vm.name" value="Java HotSpot(TM) 64-Bit Server VM"/>
    <property name="file.encoding.pkg" value="sun.io"/>
    <property name="user.script" value=""/>
    <property name="user.country" value="US"/>
    <property name="sun.java.launcher" value="SUN_STANDARD"/>
    <property name="sun.os.patch.level" value="Service Pack 1"/>
    <property name="java.vm.specification.name" value="Java Virtual Machine Specification"/>
    <property name="user.dir" value="C:\PayuAutomation\automation\Product"/>
    <property name="java.runtime.version" value="1.8.0_11-b12"/>
    <property name="java.awt.graphicsenv" value="sun.awt.Win32GraphicsEnvironment"/>
    <property name="basedir" value="C:\PayuAutomation\automation\Product"/>
    <property name="java.endorsed.dirs" value="C:\Program Files\Java\jdk1.8.0_11\jre\lib\endorsed"/>
    <property name="os.arch" value="amd64"/>
    <property name="surefire.real.class.path" value="C:\Users\SHISHI~1.DWI\AppData\Local\Temp\surefirebooter6708644378328952205.jar"/>
    <property name="java.io.tmpdir" value="C:\Users\SHISHI~1.DWI\AppData\Local\Temp\"/>
    <property name="line.separator" value="
"/>
    <property name="java.vm.specification.vendor" value="Oracle Corporation"/>
    <property name="user.variant" value=""/>
    <property name="os.name" value="Windows 7"/>
    <property name="sun.jnu.encoding" value="Cp1252"/>
    <property name="java.library.path" value="C:\Program Files\Java\jdk1.8.0_11\jre\bin;C:\Windows\Sun\Java\bin;C:\Windows\system32;C:\Windows;C:\Windows\system32;C:\Windows;C:\Windows\System32\Wbem;C:\Windows\System32\WindowsPowerShell\v1.0\;C:\Program Files\Java\jdk1.8.0_11\bin;D:\Software\Groovy\groovy-2.4.0-beta-3;D:\Software\Apache Maven\apache-maven-3.2.3\bin;C:\Windows\system32;C:\Windows;C:\Windows\System32\Wbem;C:\Windows\System32\WindowsPowerShell\v1.0\;C:\Program Files\Java\jdk1.8.0_11\bin;D:\Software\Groovy\groovy-2.4.0-beta-3;D:\Software\Apache Maven\apache-maven-3.2.3\bin;C:\Program Files\Java\jdk1.8.0_11\bin;%M@_HOME%\bin;."/>
    <property name="surefire.test.class.path" value="C:\PayuAutomation\automation\Product\target\test-classes;C:\PayuAutomation\automation\Product\target\classes;C:\Users\shishir.dwivedi\.m2\repository\org\seleniumhq\selenium\selenium-java\2.44.0\selenium-java-2.44.0.jar;C:\Users\shishir.dwivedi\.m2\repository\org\seleniumhq\selenium\selenium-chrome-driver\2.44.0\selenium-chrome-driver-2.44.0.jar;C:\Users\shishir.dwivedi\.m2\repository\org\seleniumhq\selenium\selenium-remote-driver\2.44.0\selenium-remote-driver-2.44.0.jar;C:\Users\shishir.dwivedi\.m2\repository\cglib\cglib-nodep\2.1_3\cglib-nodep-2.1_3.jar;C:\Users\shishir.dwivedi\.m2\repository\org\seleniumhq\selenium\selenium-api\2.44.0\selenium-api-2.44.0.jar;C:\Users\shishir.dwivedi\.m2\repository\org\seleniumhq\selenium\selenium-htmlunit-driver\2.44.0\selenium-htmlunit-driver-2.44.0.jar;C:\Users\shishir.dwivedi\.m2\repository\net\sourceforge\htmlunit\htmlunit\2.15\htmlunit-2.15.jar;C:\Users\shishir.dwivedi\.m2\repository\xalan\xalan\2.7.1\xalan-2.7.1.jar;C:\Users\shishir.dwivedi\.m2\repository\xalan\serializer\2.7.1\serializer-2.7.1.jar;C:\Users\shishir.dwivedi\.m2\repository\org\apache\httpcomponents\httpmime\4.3.3\httpmime-4.3.3.jar;C:\Users\shishir.dwivedi\.m2\repository\net\sourceforge\htmlunit\htmlunit-core-js\2.15\htmlunit-core-js-2.15.jar;C:\Users\shishir.dwivedi\.m2\repository\net\sourceforge\nekohtml\nekohtml\1.9.21\nekohtml-1.9.21.jar;C:\Users\shishir.dwivedi\.m2\repository\net\sourceforge\cssparser\cssparser\0.9.14\cssparser-0.9.14.jar;C:\Users\shishir.dwivedi\.m2\repository\org\w3c\css\sac\1.3\sac-1.3.jar;C:\Users\shishir.dwivedi\.m2\repository\org\eclipse\jetty\jetty-websocket\8.1.15.v20140411\jetty-websocket-8.1.15.v20140411.jar;C:\Users\shishir.dwivedi\.m2\repository\org\eclipse\jetty\jetty-util\8.1.15.v20140411\jetty-util-8.1.15.v20140411.jar;C:\Users\shishir.dwivedi\.m2\repository\org\eclipse\jetty\jetty-io\8.1.15.v20140411\jetty-io-8.1.15.v20140411.jar;C:\Users\shishir.dwivedi\.m2\repository\org\eclipse\jetty\jetty-http\8.1.15.v20140411\jetty-http-8.1.15.v20140411.jar;C:\Users\shishir.dwivedi\.m2\repository\org\seleniumhq\selenium\selenium-firefox-driver\2.44.0\selenium-firefox-driver-2.44.0.jar;C:\Users\shishir.dwivedi\.m2\repository\org\seleniumhq\selenium\selenium-ie-driver\2.44.0\selenium-ie-driver-2.44.0.jar;C:\Users\shishir.dwivedi\.m2\repository\net\java\dev\jna\jna\3.4.0\jna-3.4.0.jar;C:\Users\shishir.dwivedi\.m2\repository\net\java\dev\jna\platform\3.4.0\platform-3.4.0.jar;C:\Users\shishir.dwivedi\.m2\repository\org\seleniumhq\selenium\selenium-safari-driver\2.44.0\selenium-safari-driver-2.44.0.jar;C:\Users\shishir.dwivedi\.m2\repository\org\seleniumhq\selenium\selenium-support\2.44.0\selenium-support-2.44.0.jar;C:\Users\shishir.dwivedi\.m2\repository\org\webbitserver\webbit\0.4.14\webbit-0.4.14.jar;C:\Users\shishir.dwivedi\.m2\repository\io\netty\netty\3.5.2.Final\netty-3.5.2.Final.jar;C:\Users\shishir.dwivedi\.m2\repository\org\apache\maven\plugins\maven-failsafe-plugin\2.12.4\maven-failsafe-plugin-2.12.4.jar;C:\Users\shishir.dwivedi\.m2\repository\org\apache\maven\maven-plugin-api\2.0.9\maven-plugin-api-2.0.9.jar;C:\Users\shishir.dwivedi\.m2\repository\org\apache\maven\surefire\surefire-booter\2.12.4\surefire-booter-2.12.4.jar;C:\Users\shishir.dwivedi\.m2\repository\org\apache\maven\surefire\surefire-api\2.12.4\surefire-api-2.12.4.jar;C:\Users\shishir.dwivedi\.m2\repository\org\apache\maven\surefire\maven-surefire-common\2.12.4\maven-surefire-common-2.12.4.jar;C:\Users\shishir.dwivedi\.m2\repository\org\apache\maven\shared\maven-common-artifact-filters\1.3\maven-common-artifact-filters-1.3.jar;C:\Users\shishir.dwivedi\.m2\repository\org\codehaus\plexus\plexus-utils\3.0.8\plexus-utils-3.0.8.jar;C:\Users\shishir.dwivedi\.m2\repository\org\apache\maven\maven-artifact\2.0.9\maven-artifact-2.0.9.jar;C:\Users\shishir.dwivedi\.m2\repository\org\apache\maven\maven-project\2.0.9\maven-project-2.0.9.jar;C:\Users\shishir.dwivedi\.m2\repository\org\apache\maven\maven-settings\2.0.9\maven-settings-2.0.9.jar;C:\Users\shishir.dwivedi\.m2\repository\org\apache\maven\maven-profile\2.0.9\maven-profile-2.0.9.jar;C:\Users\shishir.dwivedi\.m2\repository\org\apache\maven\maven-artifact-manager\2.0.9\maven-artifact-manager-2.0.9.jar;C:\Users\shishir.dwivedi\.m2\repository\org\apache\maven\maven-plugin-registry\2.0.9\maven-plugin-registry-2.0.9.jar;C:\Users\shishir.dwivedi\.m2\repository\org\codehaus\plexus\plexus-container-default\1.0-alpha-9-stable-1\plexus-container-default-1.0-alpha-9-stable-1.jar;C:\Users\shishir.dwivedi\.m2\repository\org\apache\maven\maven-core\2.0.9\maven-core-2.0.9.jar;C:\Users\shishir.dwivedi\.m2\repository\org\apache\maven\maven-plugin-parameter-documenter\2.0.9\maven-plugin-parameter-documenter-2.0.9.jar;C:\Users\shishir.dwivedi\.m2\repository\org\apache\maven\wagon\wagon-provider-api\1.0-beta-2\wagon-provider-api-1.0-beta-2.jar;C:\Users\shishir.dwivedi\.m2\repository\org\apache\maven\maven-repository-metadata\2.0.9\maven-repository-metadata-2.0.9.jar;C:\Users\shishir.dwivedi\.m2\repository\org\apache\maven\maven-error-diagnostics\2.0.9\maven-error-diagnostics-2.0.9.jar;C:\Users\shishir.dwivedi\.m2\repository\org\apache\maven\maven-plugin-descriptor\2.0.9\maven-plugin-descriptor-2.0.9.jar;C:\Users\shishir.dwivedi\.m2\repository\org\apache\maven\maven-monitor\2.0.9\maven-monitor-2.0.9.jar;C:\Users\shishir.dwivedi\.m2\repository\classworlds\classworlds\1.1\classworlds-1.1.jar;C:\Users\shishir.dwivedi\.m2\repository\org\apache\maven\maven-toolchain\2.0.9\maven-toolchain-2.0.9.jar;C:\Users\shishir.dwivedi\.m2\repository\org\apache\maven\plugin-tools\maven-plugin-annotations\3.1\maven-plugin-annotations-3.1.jar;C:\Users\shishir.dwivedi\.m2\repository\org\uncommons\reportng\1.1.2\reportng-1.1.2.jar;C:\Users\shishir.dwivedi\.m2\repository\velocity\velocity\1.4\velocity-1.4.jar;C:\Users\shishir.dwivedi\.m2\repository\velocity\velocity-dep\1.4\velocity-dep-1.4.jar;C:\Users\shishir.dwivedi\.m2\repository\com\google\code\harlib\1.1.2\harlib-1.1.2.jar;C:\Users\shishir.dwivedi\.m2\repository\com\google\code\harlib-jackson\1.1.2\harlib-jackson-1.1.2.jar;C:\Users\shishir.dwivedi\.m2\repository\com\google\code\harlib-nodoc\1.1.2\harlib-nodoc-1.1.2.jar;C:\Users\shishir.dwivedi\.m2\repository\com\google\code\harlib-src\1.1.2\harlib-src-1.1.2.jar;C:\Users\shishir.dwivedi\.m2\repository\com\google\code\selendroid-client\0.10.0\selendroid-client-0.10.0.jar;C:\Users\shishir.dwivedi\.m2\repository\com\google\code\serialized-php-parser\16.0\serialized-php-parser-16.0.jar;C:\Users\shishir.dwivedi\.m2\repository\org\testng\testng\6.8.5\testng-6.8.5.jar;C:\Users\shishir.dwivedi\.m2\repository\junit\junit\4.10\junit-4.10.jar;C:\Users\shishir.dwivedi\.m2\repository\org\hamcrest\hamcrest-core\1.1\hamcrest-core-1.1.jar;C:\Users\shishir.dwivedi\.m2\repository\org\beanshell\bsh\2.0b4\bsh-2.0b4.jar;C:\Users\shishir.dwivedi\.m2\repository\com\beust\jcommander\1.27\jcommander-1.27.jar;C:\Users\shishir.dwivedi\.m2\repository\org\yaml\snakeyaml\1.6\snakeyaml-1.6.jar;C:\Users\shishir.dwivedi\.m2\repository\javax\mail\mail\1.4\mail-1.4.jar;C:\Users\shishir.dwivedi\.m2\repository\javax\activation\activation\1.1\activation-1.1.jar;C:\Users\shishir.dwivedi\.m2\repository\org\json\json\20140107\json-20140107.jar;C:\Users\shishir.dwivedi\.m2\repository\br\eti\kinoshita\testlink-java-api\1.9.8-1\testlink-java-api-1.9.8-1.jar;C:\Users\shishir.dwivedi\.m2\repository\commons-io\commons-io\2.0.1\commons-io-2.0.1.jar;C:\Users\shishir.dwivedi\.m2\repository\org\slf4j\slf4j-simple\1.7.5\slf4j-simple-1.7.5.jar;C:\Users\shishir.dwivedi\.m2\repository\org\slf4j\slf4j-api\1.7.5\slf4j-api-1.7.5.jar;C:\Users\shishir.dwivedi\.m2\repository\commons-configuration\commons-configuration\1.7\commons-configuration-1.7.jar;C:\Users\shishir.dwivedi\.m2\repository\commons-collections\commons-collections\3.2.1\commons-collections-3.2.1.jar;C:\Users\shishir.dwivedi\.m2\repository\commons-logging\commons-logging\1.1.1\commons-logging-1.1.1.jar;C:\Users\shishir.dwivedi\.m2\repository\commons-digester\commons-digester\1.8.1\commons-digester-1.8.1.jar;C:\Users\shishir.dwivedi\.m2\repository\commons-beanutils\commons-beanutils\1.8.3\commons-beanutils-1.8.3.jar;C:\Users\shishir.dwivedi\.m2\repository\org\apache\xmlrpc\xmlrpc-client\3.1.3\xmlrpc-client-3.1.3.jar;C:\Users\shishir.dwivedi\.m2\repository\commons-httpclient\commons-httpclient\3.1\commons-httpclient-3.1.jar;C:\Users\shishir.dwivedi\.m2\repository\xml-apis\xml-apis\1.4.01\xml-apis-1.4.01.jar;C:\Users\shishir.dwivedi\.m2\repository\commons-lang\commons-lang\2.3\commons-lang-2.3.jar;C:\Users\shishir.dwivedi\.m2\repository\org\apache\xmlrpc\xmlrpc-common\3.1.3\xmlrpc-common-3.1.3.jar;C:\Users\shishir.dwivedi\.m2\repository\org\apache\ws\commons\util\ws-commons-util\1.0.2\ws-commons-util-1.0.2.jar;C:\Users\shishir.dwivedi\.m2\repository\io\selendroid\selendroid-standalone\0.12.0\selendroid-standalone-0.12.0.jar;C:\Users\shishir.dwivedi\.m2\repository\io\selendroid\selendroid-common\0.12.0\selendroid-common-0.12.0.jar;C:\Users\shishir.dwivedi\.m2\repository\io\selendroid\selendroid-server-common\0.12.0\selendroid-server-common-0.12.0.jar;C:\Users\shishir.dwivedi\.m2\repository\io\netty\netty-all\4.0.21.Final\netty-all-4.0.21.Final.jar;C:\Users\shishir.dwivedi\.m2\repository\com\google\code\gson\gson\2.2.1\gson-2.2.1.jar;C:\Users\shishir.dwivedi\.m2\repository\org\apache\httpcomponents\httpclient\4.3.4\httpclient-4.3.4.jar;C:\Users\shishir.dwivedi\.m2\repository\org\apache\httpcomponents\httpcore\4.3.2\httpcore-4.3.2.jar;C:\Users\shishir.dwivedi\.m2\repository\org\apache\commons\commons-exec\1.1\commons-exec-1.1.jar;C:\Users\shishir.dwivedi\.m2\repository\com\android\tools\ddms\ddmlib\23.0.1\ddmlib-23.0.1.jar;C:\Users\shishir.dwivedi\.m2\repository\net\sf\kxml\kxml2\2.3.0\kxml2-2.3.0.jar;C:\Users\shishir.dwivedi\.m2\repository\com\android\tools\common\23.0.1\common-23.0.1.jar;C:\Users\shishir.dwivedi\.m2\repository\org\apache\commons\commons-compress\1.5\commons-compress-1.5.jar;C:\Users\shishir.dwivedi\.m2\repository\org\tukaani\xz\1.2\xz-1.2.jar;C:\Users\shishir.dwivedi\.m2\repository\com\google\guava\guava\17.0\guava-17.0.jar;C:\Users\shishir.dwivedi\.m2\repository\org\apache\commons\commons-lang3\3.1\commons-lang3-3.1.jar;C:\Users\shishir.dwivedi\.m2\repository\in\payu\Common\1.0\Common-1.0.jar;C:\Users\shishir.dwivedi\.m2\repository\org\apache\maven\plugins\maven-surefire-plugin\2.17\maven-surefire-plugin-2.17.jar;C:\Users\shishir.dwivedi\.m2\repository\org\codehaus\jackson\jackson-mapper-asl\1.9.13\jackson-mapper-asl-1.9.13.jar;C:\Users\shishir.dwivedi\.m2\repository\org\codehaus\jackson\jackson-core-asl\1.9.13\jackson-core-asl-1.9.13.jar;C:\Users\shishir.dwivedi\.m2\repository\org\apache\poi\poi\3.10-FINAL\poi-3.10-FINAL.jar;C:\Users\shishir.dwivedi\.m2\repository\commons-codec\commons-codec\1.5\commons-codec-1.5.jar;C:\Users\shishir.dwivedi\.m2\repository\org\apache\poi\poi-ooxml\3.9\poi-ooxml-3.9.jar;C:\Users\shishir.dwivedi\.m2\repository\org\apache\poi\poi-ooxml-schemas\3.9\poi-ooxml-schemas-3.9.jar;C:\Users\shishir.dwivedi\.m2\repository\org\apache\xmlbeans\xmlbeans\2.3.0\xmlbeans-2.3.0.jar;C:\Users\shishir.dwivedi\.m2\repository\stax\stax-api\1.0.1\stax-api-1.0.1.jar;C:\Users\shishir.dwivedi\.m2\repository\dom4j\dom4j\1.6.1\dom4j-1.6.1.jar;C:\Users\shishir.dwivedi\.m2\repository\com\sun\mail\javax.mail\1.5.2\javax.mail-1.5.2.jar;C:\Users\shishir.dwivedi\.m2\repository\com\opera\operadriver\1.5\operadriver-1.5.jar;C:\Users\shishir.dwivedi\.m2\repository\com\opera\operalaunchers\1.1\operalaunchers-1.1.jar;C:\Users\shishir.dwivedi\.m2\repository\com\google\protobuf\protobuf-java\2.4.1\protobuf-java-2.4.1.jar;C:\Users\shishir.dwivedi\.m2\repository\commons-jxpath\commons-jxpath\1.3\commons-jxpath-1.3.jar;C:\Users\shishir.dwivedi\.m2\repository\org\ini4j\ini4j\0.5.2\ini4j-0.5.2.jar;C:\Users\shishir.dwivedi\.m2\repository\mysql\mysql-connector-java\5.1.6\mysql-connector-java-5.1.6.jar;C:\Users\shishir.dwivedi\.m2\repository\org\apache\maven\plugins\maven-deploy-plugin\2.7\maven-deploy-plugin-2.7.jar;C:\Users\shishir.dwivedi\.m2\repository\org\apache\maven\maven-model\2.0.6\maven-model-2.0.6.jar;C:\Users\shishir.dwivedi\.m2\repository\emma\emma\2.1.5320\emma-2.1.5320.jar;C:\Users\shishir.dwivedi\.m2\repository\com\google\inject\guice\3.0\guice-3.0.jar;C:\Users\shishir.dwivedi\.m2\repository\javax\inject\javax.inject\1\javax.inject-1.jar;C:\Users\shishir.dwivedi\.m2\repository\aopalliance\aopalliance\1.0\aopalliance-1.0.jar;C:\Users\shishir.dwivedi\.m2\repository\ch\fortysix\maven-postman-plugin\0.1.0\maven-postman-plugin-0.1.0.jar;C:\Users\shishir.dwivedi\.m2\repository\org\codehaus\gmaven\gmaven-mojo\1.2\gmaven-mojo-1.2.jar;C:\Users\shishir.dwivedi\.m2\repository\org\codehaus\gmaven\runtime\gmaven-runtime-api\1.2\gmaven-runtime-api-1.2.jar;C:\Users\shishir.dwivedi\.m2\repository\org\codehaus\gmaven\feature\gmaven-feature-api\1.2\gmaven-feature-api-1.2.jar;C:\Users\shishir.dwivedi\.m2\repository\org\codehaus\gmaven\runtime\gmaven-runtime-1.7\1.2\gmaven-runtime-1.7-1.2.jar;C:\Users\shishir.dwivedi\.m2\repository\org\codehaus\gmaven\feature\gmaven-feature-support\1.2\gmaven-feature-support-1.2.jar;C:\Users\shishir.dwivedi\.m2\repository\org\codehaus\gmaven\runtime\gmaven-runtime-support\1.2\gmaven-runtime-support-1.2.jar;C:\Users\shishir.dwivedi\.m2\repository\org\sonatype\gshell\gshell-io\2.0\gshell-io-2.0.jar;C:\Users\shishir.dwivedi\.m2\repository\org\sonatype\gossip\gossip\1.0\gossip-1.0.jar;C:\Users\shishir.dwivedi\.m2\repository\com\thoughtworks\qdox\qdox\1.8\qdox-1.8.jar;C:\Users\shishir.dwivedi\.m2\repository\org\codehaus\groovy\groovy-all\1.7-beta-2\groovy-all-1.7-beta-2.jar;C:\Users\shishir.dwivedi\.m2\repository\jline\jline\0.9.94\jline-0.9.94.jar;C:\Users\shishir.dwivedi\.m2\repository\org\apache\ant\ant\1.7.1\ant-1.7.1.jar;C:\Users\shishir.dwivedi\.m2\repository\org\apache\ant\ant-launcher\1.7.1\ant-launcher-1.7.1.jar;C:\Users\shishir.dwivedi\.m2\repository\org\slf4j\log4j-over-slf4j\1.5.10\log4j-over-slf4j-1.5.10.jar;C:\Users\shishir.dwivedi\.m2\repository\org\apache\maven\shared\file-management\1.2.1\file-management-1.2.1.jar;C:\Users\shishir.dwivedi\.m2\repository\org\apache\maven\shared\maven-shared-io\1.1\maven-shared-io-1.1.jar;C:\Users\shishir.dwivedi\.m2\repository\org\apache\maven\reporting\maven-reporting-api\2.2.1\maven-reporting-api-2.2.1.jar;C:\Users\shishir.dwivedi\.m2\repository\org\apache\maven\doxia\doxia-logging-api\1.1\doxia-logging-api-1.1.jar;C:\Users\shishir.dwivedi\.m2\repository\org\apache\maven\reporting\maven-reporting-impl\2.0.4.3\maven-reporting-impl-2.0.4.3.jar;C:\Users\shishir.dwivedi\.m2\repository\org\apache\maven\doxia\doxia-core\1.0\doxia-core-1.0.jar;C:\Users\shishir.dwivedi\.m2\repository\org\apache\maven\doxia\doxia-site-renderer\1.0\doxia-site-renderer-1.0.jar;C:\Users\shishir.dwivedi\.m2\repository\org\codehaus\plexus\plexus-i18n\1.0-beta-7\plexus-i18n-1.0-beta-7.jar;C:\Users\shishir.dwivedi\.m2\repository\org\codehaus\plexus\plexus-velocity\1.1.7\plexus-velocity-1.1.7.jar;C:\Users\shishir.dwivedi\.m2\repository\org\apache\velocity\velocity\1.5\velocity-1.5.jar;C:\Users\shishir.dwivedi\.m2\repository\org\apache\maven\doxia\doxia-decoration-model\1.0\doxia-decoration-model-1.0.jar;C:\Users\shishir.dwivedi\.m2\repository\org\apache\maven\doxia\doxia-module-apt\1.0\doxia-module-apt-1.0.jar;C:\Users\shishir.dwivedi\.m2\repository\org\apache\maven\doxia\doxia-module-fml\1.0\doxia-module-fml-1.0.jar;C:\Users\shishir.dwivedi\.m2\repository\org\apache\maven\doxia\doxia-module-xdoc\1.0\doxia-module-xdoc-1.0.jar;C:\Users\shishir.dwivedi\.m2\repository\org\apache\maven\doxia\doxia-module-xhtml\1.0\doxia-module-xhtml-1.0.jar;C:\Users\shishir.dwivedi\.m2\repository\commons-validator\commons-validator\1.2.0\commons-validator-1.2.0.jar;C:\Users\shishir.dwivedi\.m2\repository\oro\oro\2.0.8\oro-2.0.8.jar;C:\Users\shishir.dwivedi\.m2\repository\org\apache\maven\shared\maven-doxia-tools\1.0.2\maven-doxia-tools-1.0.2.jar;C:\Users\shishir.dwivedi\.m2\repository\org\apache\maven\doxia\doxia-sink-api\1.1.2\doxia-sink-api-1.1.2.jar;C:\Users\shishir.dwivedi\.m2\repository\nekohtml\nekohtml\1.9.6.2\nekohtml-1.9.6.2.jar;C:\Users\shishir.dwivedi\.m2\repository\xerces\xercesImpl\2.8.1\xercesImpl-2.8.1.jar;C:\Users\shishir.dwivedi\.m2\repository\org\apache\commons\commons-email\1.2\commons-email-1.2.jar;"/>
    <property name="java.specification.name" value="Java Platform API Specification"/>
    <property name="java.class.version" value="52.0"/>
    <property name="Config.properties.Browser" value="chrome"/>
    <property name="sun.management.compiler" value="HotSpot 64-Bit Tiered Compilers"/>
    <property name="os.version" value="6.1"/>
    <property name="user.home" value="C:\Users\shishir.dwivedi"/>
    <property name="user.timezone" value="Asia/Calcutta"/>
    <property name="java.awt.printerjob" value="sun.awt.windows.WPrinterJob"/>
    <property name="java.specification.version" value="1.8"/>
    <property name="file.encoding" value="Cp1252"/>
    <property name="user.name" value="shishir.dwivedi"/>
    <property name="java.class.path" value="C:\PayuAutomation\automation\Product\target\test-classes;C:\PayuAutomation\automation\Product\target\classes;C:\Users\shishir.dwivedi\.m2\repository\org\seleniumhq\selenium\selenium-java\2.44.0\selenium-java-2.44.0.jar;C:\Users\shishir.dwivedi\.m2\repository\org\seleniumhq\selenium\selenium-chrome-driver\2.44.0\selenium-chrome-driver-2.44.0.jar;C:\Users\shishir.dwivedi\.m2\repository\org\seleniumhq\selenium\selenium-remote-driver\2.44.0\selenium-remote-driver-2.44.0.jar;C:\Users\shishir.dwivedi\.m2\repository\cglib\cglib-nodep\2.1_3\cglib-nodep-2.1_3.jar;C:\Users\shishir.dwivedi\.m2\repository\org\seleniumhq\selenium\selenium-api\2.44.0\selenium-api-2.44.0.jar;C:\Users\shishir.dwivedi\.m2\repository\org\seleniumhq\selenium\selenium-htmlunit-driver\2.44.0\selenium-htmlunit-driver-2.44.0.jar;C:\Users\shishir.dwivedi\.m2\repository\net\sourceforge\htmlunit\htmlunit\2.15\htmlunit-2.15.jar;C:\Users\shishir.dwivedi\.m2\repository\xalan\xalan\2.7.1\xalan-2.7.1.jar;C:\Users\shishir.dwivedi\.m2\repository\xalan\serializer\2.7.1\serializer-2.7.1.jar;C:\Users\shishir.dwivedi\.m2\repository\org\apache\httpcomponents\httpmime\4.3.3\httpmime-4.3.3.jar;C:\Users\shishir.dwivedi\.m2\repository\net\sourceforge\htmlunit\htmlunit-core-js\2.15\htmlunit-core-js-2.15.jar;C:\Users\shishir.dwivedi\.m2\repository\net\sourceforge\nekohtml\nekohtml\1.9.21\nekohtml-1.9.21.jar;C:\Users\shishir.dwivedi\.m2\repository\net\sourceforge\cssparser\cssparser\0.9.14\cssparser-0.9.14.jar;C:\Users\shishir.dwivedi\.m2\repository\org\w3c\css\sac\1.3\sac-1.3.jar;C:\Users\shishir.dwivedi\.m2\repository\org\eclipse\jetty\jetty-websocket\8.1.15.v20140411\jetty-websocket-8.1.15.v20140411.jar;C:\Users\shishir.dwivedi\.m2\repository\org\eclipse\jetty\jetty-util\8.1.15.v20140411\jetty-util-8.1.15.v20140411.jar;C:\Users\shishir.dwivedi\.m2\repository\org\eclipse\jetty\jetty-io\8.1.15.v20140411\jetty-io-8.1.15.v20140411.jar;C:\Users\shishir.dwivedi\.m2\repository\org\eclipse\jetty\jetty-http\8.1.15.v20140411\jetty-http-8.1.15.v20140411.jar;C:\Users\shishir.dwivedi\.m2\repository\org\seleniumhq\selenium\selenium-firefox-driver\2.44.0\selenium-firefox-driver-2.44.0.jar;C:\Users\shishir.dwivedi\.m2\repository\org\seleniumhq\selenium\selenium-ie-driver\2.44.0\selenium-ie-driver-2.44.0.jar;C:\Users\shishir.dwivedi\.m2\repository\net\java\dev\jna\jna\3.4.0\jna-3.4.0.jar;C:\Users\shishir.dwivedi\.m2\repository\net\java\dev\jna\platform\3.4.0\platform-3.4.0.jar;C:\Users\shishir.dwivedi\.m2\repository\org\seleniumhq\selenium\selenium-safari-driver\2.44.0\selenium-safari-driver-2.44.0.jar;C:\Users\shishir.dwivedi\.m2\repository\org\seleniumhq\selenium\selenium-support\2.44.0\selenium-support-2.44.0.jar;C:\Users\shishir.dwivedi\.m2\repository\org\webbitserver\webbit\0.4.14\webbit-0.4.14.jar;C:\Users\shishir.dwivedi\.m2\repository\io\netty\netty\3.5.2.Final\netty-3.5.2.Final.jar;C:\Users\shishir.dwivedi\.m2\repository\org\apache\maven\plugins\maven-failsafe-plugin\2.12.4\maven-failsafe-plugin-2.12.4.jar;C:\Users\shishir.dwivedi\.m2\repository\org\apache\maven\maven-plugin-api\2.0.9\maven-plugin-api-2.0.9.jar;C:\Users\shishir.dwivedi\.m2\repository\org\apache\maven\surefire\surefire-booter\2.12.4\surefire-booter-2.12.4.jar;C:\Users\shishir.dwivedi\.m2\repository\org\apache\maven\surefire\surefire-api\2.12.4\surefire-api-2.12.4.jar;C:\Users\shishir.dwivedi\.m2\repository\org\apache\maven\surefire\maven-surefire-common\2.12.4\maven-surefire-common-2.12.4.jar;C:\Users\shishir.dwivedi\.m2\repository\org\apache\maven\shared\maven-common-artifact-filters\1.3\maven-common-artifact-filters-1.3.jar;C:\Users\shishir.dwivedi\.m2\repository\org\codehaus\plexus\plexus-utils\3.0.8\plexus-utils-3.0.8.jar;C:\Users\shishir.dwivedi\.m2\repository\org\apache\maven\maven-artifact\2.0.9\maven-artifact-2.0.9.jar;C:\Users\shishir.dwivedi\.m2\repository\org\apache\maven\maven-project\2.0.9\maven-project-2.0.9.jar;C:\Users\shishir.dwivedi\.m2\repository\org\apache\maven\maven-settings\2.0.9\maven-settings-2.0.9.jar;C:\Users\shishir.dwivedi\.m2\repository\org\apache\maven\maven-profile\2.0.9\maven-profile-2.0.9.jar;C:\Users\shishir.dwivedi\.m2\repository\org\apache\maven\maven-artifact-manager\2.0.9\maven-artifact-manager-2.0.9.jar;C:\Users\shishir.dwivedi\.m2\repository\org\apache\maven\maven-plugin-registry\2.0.9\maven-plugin-registry-2.0.9.jar;C:\Users\shishir.dwivedi\.m2\repository\org\codehaus\plexus\plexus-container-default\1.0-alpha-9-stable-1\plexus-container-default-1.0-alpha-9-stable-1.jar;C:\Users\shishir.dwivedi\.m2\repository\org\apache\maven\maven-core\2.0.9\maven-core-2.0.9.jar;C:\Users\shishir.dwivedi\.m2\repository\org\apache\maven\maven-plugin-parameter-documenter\2.0.9\maven-plugin-parameter-documenter-2.0.9.jar;C:\Users\shishir.dwivedi\.m2\repository\org\apache\maven\wagon\wagon-provider-api\1.0-beta-2\wagon-provider-api-1.0-beta-2.jar;C:\Users\shishir.dwivedi\.m2\repository\org\apache\maven\maven-repository-metadata\2.0.9\maven-repository-metadata-2.0.9.jar;C:\Users\shishir.dwivedi\.m2\repository\org\apache\maven\maven-error-diagnostics\2.0.9\maven-error-diagnostics-2.0.9.jar;C:\Users\shishir.dwivedi\.m2\repository\org\apache\maven\maven-plugin-descriptor\2.0.9\maven-plugin-descriptor-2.0.9.jar;C:\Users\shishir.dwivedi\.m2\repository\org\apache\maven\maven-monitor\2.0.9\maven-monitor-2.0.9.jar;C:\Users\shishir.dwivedi\.m2\repository\classworlds\classworlds\1.1\classworlds-1.1.jar;C:\Users\shishir.dwivedi\.m2\repository\org\apache\maven\maven-toolchain\2.0.9\maven-toolchain-2.0.9.jar;C:\Users\shishir.dwivedi\.m2\repository\org\apache\maven\plugin-tools\maven-plugin-annotations\3.1\maven-plugin-annotations-3.1.jar;C:\Users\shishir.dwivedi\.m2\repository\org\uncommons\reportng\1.1.2\reportng-1.1.2.jar;C:\Users\shishir.dwivedi\.m2\repository\velocity\velocity\1.4\velocity-1.4.jar;C:\Users\shishir.dwivedi\.m2\repository\velocity\velocity-dep\1.4\velocity-dep-1.4.jar;C:\Users\shishir.dwivedi\.m2\repository\com\google\code\harlib\1.1.2\harlib-1.1.2.jar;C:\Users\shishir.dwivedi\.m2\repository\com\google\code\harlib-jackson\1.1.2\harlib-jackson-1.1.2.jar;C:\Users\shishir.dwivedi\.m2\repository\com\google\code\harlib-nodoc\1.1.2\harlib-nodoc-1.1.2.jar;C:\Users\shishir.dwivedi\.m2\repository\com\google\code\harlib-src\1.1.2\harlib-src-1.1.2.jar;C:\Users\shishir.dwivedi\.m2\repository\com\google\code\selendroid-client\0.10.0\selendroid-client-0.10.0.jar;C:\Users\shishir.dwivedi\.m2\repository\com\google\code\serialized-php-parser\16.0\serialized-php-parser-16.0.jar;C:\Users\shishir.dwivedi\.m2\repository\org\testng\testng\6.8.5\testng-6.8.5.jar;C:\Users\shishir.dwivedi\.m2\repository\junit\junit\4.10\junit-4.10.jar;C:\Users\shishir.dwivedi\.m2\repository\org\hamcrest\hamcrest-core\1.1\hamcrest-core-1.1.jar;C:\Users\shishir.dwivedi\.m2\repository\org\beanshell\bsh\2.0b4\bsh-2.0b4.jar;C:\Users\shishir.dwivedi\.m2\repository\com\beust\jcommander\1.27\jcommander-1.27.jar;C:\Users\shishir.dwivedi\.m2\repository\org\yaml\snakeyaml\1.6\snakeyaml-1.6.jar;C:\Users\shishir.dwivedi\.m2\repository\javax\mail\mail\1.4\mail-1.4.jar;C:\Users\shishir.dwivedi\.m2\repository\javax\activation\activation\1.1\activation-1.1.jar;C:\Users\shishir.dwivedi\.m2\repository\org\json\json\20140107\json-20140107.jar;C:\Users\shishir.dwivedi\.m2\repository\br\eti\kinoshita\testlink-java-api\1.9.8-1\testlink-java-api-1.9.8-1.jar;C:\Users\shishir.dwivedi\.m2\repository\commons-io\commons-io\2.0.1\commons-io-2.0.1.jar;C:\Users\shishir.dwivedi\.m2\repository\org\slf4j\slf4j-simple\1.7.5\slf4j-simple-1.7.5.jar;C:\Users\shishir.dwivedi\.m2\repository\org\slf4j\slf4j-api\1.7.5\slf4j-api-1.7.5.jar;C:\Users\shishir.dwivedi\.m2\repository\commons-configuration\commons-configuration\1.7\commons-configuration-1.7.jar;C:\Users\shishir.dwivedi\.m2\repository\commons-collections\commons-collections\3.2.1\commons-collections-3.2.1.jar;C:\Users\shishir.dwivedi\.m2\repository\commons-logging\commons-logging\1.1.1\commons-logging-1.1.1.jar;C:\Users\shishir.dwivedi\.m2\repository\commons-digester\commons-digester\1.8.1\commons-digester-1.8.1.jar;C:\Users\shishir.dwivedi\.m2\repository\commons-beanutils\commons-beanutils\1.8.3\commons-beanutils-1.8.3.jar;C:\Users\shishir.dwivedi\.m2\repository\org\apache\xmlrpc\xmlrpc-client\3.1.3\xmlrpc-client-3.1.3.jar;C:\Users\shishir.dwivedi\.m2\repository\commons-httpclient\commons-httpclient\3.1\commons-httpclient-3.1.jar;C:\Users\shishir.dwivedi\.m2\repository\xml-apis\xml-apis\1.4.01\xml-apis-1.4.01.jar;C:\Users\shishir.dwivedi\.m2\repository\commons-lang\commons-lang\2.3\commons-lang-2.3.jar;C:\Users\shishir.dwivedi\.m2\repository\org\apache\xmlrpc\xmlrpc-common\3.1.3\xmlrpc-common-3.1.3.jar;C:\Users\shishir.dwivedi\.m2\repository\org\apache\ws\commons\util\ws-commons-util\1.0.2\ws-commons-util-1.0.2.jar;C:\Users\shishir.dwivedi\.m2\repository\io\selendroid\selendroid-standalone\0.12.0\selendroid-standalone-0.12.0.jar;C:\Users\shishir.dwivedi\.m2\repository\io\selendroid\selendroid-common\0.12.0\selendroid-common-0.12.0.jar;C:\Users\shishir.dwivedi\.m2\repository\io\selendroid\selendroid-server-common\0.12.0\selendroid-server-common-0.12.0.jar;C:\Users\shishir.dwivedi\.m2\repository\io\netty\netty-all\4.0.21.Final\netty-all-4.0.21.Final.jar;C:\Users\shishir.dwivedi\.m2\repository\com\google\code\gson\gson\2.2.1\gson-2.2.1.jar;C:\Users\shishir.dwivedi\.m2\repository\org\apache\httpcomponents\httpclient\4.3.4\httpclient-4.3.4.jar;C:\Users\shishir.dwivedi\.m2\repository\org\apache\httpcomponents\httpcore\4.3.2\httpcore-4.3.2.jar;C:\Users\shishir.dwivedi\.m2\repository\org\apache\commons\commons-exec\1.1\commons-exec-1.1.jar;C:\Users\shishir.dwivedi\.m2\repository\com\android\tools\ddms\ddmlib\23.0.1\ddmlib-23.0.1.jar;C:\Users\shishir.dwivedi\.m2\repository\net\sf\kxml\kxml2\2.3.0\kxml2-2.3.0.jar;C:\Users\shishir.dwivedi\.m2\repository\com\android\tools\common\23.0.1\common-23.0.1.jar;C:\Users\shishir.dwivedi\.m2\repository\org\apache\commons\commons-compress\1.5\commons-compress-1.5.jar;C:\Users\shishir.dwivedi\.m2\repository\org\tukaani\xz\1.2\xz-1.2.jar;C:\Users\shishir.dwivedi\.m2\repository\com\google\guava\guava\17.0\guava-17.0.jar;C:\Users\shishir.dwivedi\.m2\repository\org\apache\commons\commons-lang3\3.1\commons-lang3-3.1.jar;C:\Users\shishir.dwivedi\.m2\repository\in\payu\Common\1.0\Common-1.0.jar;C:\Users\shishir.dwivedi\.m2\repository\org\apache\maven\plugins\maven-surefire-plugin\2.17\maven-surefire-plugin-2.17.jar;C:\Users\shishir.dwivedi\.m2\repository\org\codehaus\jackson\jackson-mapper-asl\1.9.13\jackson-mapper-asl-1.9.13.jar;C:\Users\shishir.dwivedi\.m2\repository\org\codehaus\jackson\jackson-core-asl\1.9.13\jackson-core-asl-1.9.13.jar;C:\Users\shishir.dwivedi\.m2\repository\org\apache\poi\poi\3.10-FINAL\poi-3.10-FINAL.jar;C:\Users\shishir.dwivedi\.m2\repository\commons-codec\commons-codec\1.5\commons-codec-1.5.jar;C:\Users\shishir.dwivedi\.m2\repository\org\apache\poi\poi-ooxml\3.9\poi-ooxml-3.9.jar;C:\Users\shishir.dwivedi\.m2\repository\org\apache\poi\poi-ooxml-schemas\3.9\poi-ooxml-schemas-3.9.jar;C:\Users\shishir.dwivedi\.m2\repository\org\apache\xmlbeans\xmlbeans\2.3.0\xmlbeans-2.3.0.jar;C:\Users\shishir.dwivedi\.m2\repository\stax\stax-api\1.0.1\stax-api-1.0.1.jar;C:\Users\shishir.dwivedi\.m2\repository\dom4j\dom4j\1.6.1\dom4j-1.6.1.jar;C:\Users\shishir.dwivedi\.m2\repository\com\sun\mail\javax.mail\1.5.2\javax.mail-1.5.2.jar;C:\Users\shishir.dwivedi\.m2\repository\com\opera\operadriver\1.5\operadriver-1.5.jar;C:\Users\shishir.dwivedi\.m2\repository\com\opera\operalaunchers\1.1\operalaunchers-1.1.jar;C:\Users\shishir.dwivedi\.m2\repository\com\google\protobuf\protobuf-java\2.4.1\protobuf-java-2.4.1.jar;C:\Users\shishir.dwivedi\.m2\repository\commons-jxpath\commons-jxpath\1.3\commons-jxpath-1.3.jar;C:\Users\shishir.dwivedi\.m2\repository\org\ini4j\ini4j\0.5.2\ini4j-0.5.2.jar;C:\Users\shishir.dwivedi\.m2\repository\mysql\mysql-connector-java\5.1.6\mysql-connector-java-5.1.6.jar;C:\Users\shishir.dwivedi\.m2\repository\org\apache\maven\plugins\maven-deploy-plugin\2.7\maven-deploy-plugin-2.7.jar;C:\Users\shishir.dwivedi\.m2\repository\org\apache\maven\maven-model\2.0.6\maven-model-2.0.6.jar;C:\Users\shishir.dwivedi\.m2\repository\emma\emma\2.1.5320\emma-2.1.5320.jar;C:\Users\shishir.dwivedi\.m2\repository\com\google\inject\guice\3.0\guice-3.0.jar;C:\Users\shishir.dwivedi\.m2\repository\javax\inject\javax.inject\1\javax.inject-1.jar;C:\Users\shishir.dwivedi\.m2\repository\aopalliance\aopalliance\1.0\aopalliance-1.0.jar;C:\Users\shishir.dwivedi\.m2\repository\ch\fortysix\maven-postman-plugin\0.1.0\maven-postman-plugin-0.1.0.jar;C:\Users\shishir.dwivedi\.m2\repository\org\codehaus\gmaven\gmaven-mojo\1.2\gmaven-mojo-1.2.jar;C:\Users\shishir.dwivedi\.m2\repository\org\codehaus\gmaven\runtime\gmaven-runtime-api\1.2\gmaven-runtime-api-1.2.jar;C:\Users\shishir.dwivedi\.m2\repository\org\codehaus\gmaven\feature\gmaven-feature-api\1.2\gmaven-feature-api-1.2.jar;C:\Users\shishir.dwivedi\.m2\repository\org\codehaus\gmaven\runtime\gmaven-runtime-1.7\1.2\gmaven-runtime-1.7-1.2.jar;C:\Users\shishir.dwivedi\.m2\repository\org\codehaus\gmaven\feature\gmaven-feature-support\1.2\gmaven-feature-support-1.2.jar;C:\Users\shishir.dwivedi\.m2\repository\org\codehaus\gmaven\runtime\gmaven-runtime-support\1.2\gmaven-runtime-support-1.2.jar;C:\Users\shishir.dwivedi\.m2\repository\org\sonatype\gshell\gshell-io\2.0\gshell-io-2.0.jar;C:\Users\shishir.dwivedi\.m2\repository\org\sonatype\gossip\gossip\1.0\gossip-1.0.jar;C:\Users\shishir.dwivedi\.m2\repository\com\thoughtworks\qdox\qdox\1.8\qdox-1.8.jar;C:\Users\shishir.dwivedi\.m2\repository\org\codehaus\groovy\groovy-all\1.7-beta-2\groovy-all-1.7-beta-2.jar;C:\Users\shishir.dwivedi\.m2\repository\jline\jline\0.9.94\jline-0.9.94.jar;C:\Users\shishir.dwivedi\.m2\repository\org\apache\ant\ant\1.7.1\ant-1.7.1.jar;C:\Users\shishir.dwivedi\.m2\repository\org\apache\ant\ant-launcher\1.7.1\ant-launcher-1.7.1.jar;C:\Users\shishir.dwivedi\.m2\repository\org\slf4j\log4j-over-slf4j\1.5.10\log4j-over-slf4j-1.5.10.jar;C:\Users\shishir.dwivedi\.m2\repository\org\apache\maven\shared\file-management\1.2.1\file-management-1.2.1.jar;C:\Users\shishir.dwivedi\.m2\repository\org\apache\maven\shared\maven-shared-io\1.1\maven-shared-io-1.1.jar;C:\Users\shishir.dwivedi\.m2\repository\org\apache\maven\reporting\maven-reporting-api\2.2.1\maven-reporting-api-2.2.1.jar;C:\Users\shishir.dwivedi\.m2\repository\org\apache\maven\doxia\doxia-logging-api\1.1\doxia-logging-api-1.1.jar;C:\Users\shishir.dwivedi\.m2\repository\org\apache\maven\reporting\maven-reporting-impl\2.0.4.3\maven-reporting-impl-2.0.4.3.jar;C:\Users\shishir.dwivedi\.m2\repository\org\apache\maven\doxia\doxia-core\1.0\doxia-core-1.0.jar;C:\Users\shishir.dwivedi\.m2\repository\org\apache\maven\doxia\doxia-site-renderer\1.0\doxia-site-renderer-1.0.jar;C:\Users\shishir.dwivedi\.m2\repository\org\codehaus\plexus\plexus-i18n\1.0-beta-7\plexus-i18n-1.0-beta-7.jar;C:\Users\shishir.dwivedi\.m2\repository\org\codehaus\plexus\plexus-velocity\1.1.7\plexus-velocity-1.1.7.jar;C:\Users\shishir.dwivedi\.m2\repository\org\apache\velocity\velocity\1.5\velocity-1.5.jar;C:\Users\shishir.dwivedi\.m2\repository\org\apache\maven\doxia\doxia-decoration-model\1.0\doxia-decoration-model-1.0.jar;C:\Users\shishir.dwivedi\.m2\repository\org\apache\maven\doxia\doxia-module-apt\1.0\doxia-module-apt-1.0.jar;C:\Users\shishir.dwivedi\.m2\repository\org\apache\maven\doxia\doxia-module-fml\1.0\doxia-module-fml-1.0.jar;C:\Users\shishir.dwivedi\.m2\repository\org\apache\maven\doxia\doxia-module-xdoc\1.0\doxia-module-xdoc-1.0.jar;C:\Users\shishir.dwivedi\.m2\repository\org\apache\maven\doxia\doxia-module-xhtml\1.0\doxia-module-xhtml-1.0.jar;C:\Users\shishir.dwivedi\.m2\repository\commons-validator\commons-validator\1.2.0\commons-validator-1.2.0.jar;C:\Users\shishir.dwivedi\.m2\repository\oro\oro\2.0.8\oro-2.0.8.jar;C:\Users\shishir.dwivedi\.m2\repository\org\apache\maven\shared\maven-doxia-tools\1.0.2\maven-doxia-tools-1.0.2.jar;C:\Users\shishir.dwivedi\.m2\repository\org\apache\maven\doxia\doxia-sink-api\1.1.2\doxia-sink-api-1.1.2.jar;C:\Users\shishir.dwivedi\.m2\repository\nekohtml\nekohtml\1.9.6.2\nekohtml-1.9.6.2.jar;C:\Users\shishir.dwivedi\.m2\repository\xerces\xercesImpl\2.8.1\xercesImpl-2.8.1.jar;C:\Users\shishir.dwivedi\.m2\repository\org\apache\commons\commons-email\1.2\commons-email-1.2.jar;"/>
    <property name="java.vm.specification.version" value="1.8"/>
    <property name="sun.arch.data.model" value="64"/>
    <property name="java.home" value="C:\Program Files\Java\jdk1.8.0_11\jre"/>
    <property name="sun.java.command" value="C:\Users\SHISHI~1.DWI\AppData\Local\Temp\surefirebooter6708644378328952205.jar C:\Users\SHISHI~1.DWI\AppData\Local\Temp\surefire2027599641760207317tmp C:\Users\SHISHI~1.DWI\AppData\Local\Temp\surefire8852738907625898735tmp"/>
    <property name="java.specification.vendor" value="Oracle Corporation"/>
    <property name="user.language" value="en"/>
    <property name="awt.toolkit" value="sun.awt.windows.WToolkit"/>
    <property name="java.vm.info" value="mixed mode"/>
    <property name="org.uncommons.reportng.stylesheet" value="C:\PayuAutomation\automation\Product/Parameters/TestCSS.css"/>
    <property name="java.version" value="1.8.0_11"/>
    <property name="java.ext.dirs" value="C:\Program Files\Java\jdk1.8.0_11\jre\lib\ext;C:\Windows\Sun\Java\lib\ext"/>
    <property name="sun.boot.class.path" value="C:\Program Files\Java\jdk1.8.0_11\jre\lib\resources.jar;C:\Program Files\Java\jdk1.8.0_11\jre\lib\rt.jar;C:\Program Files\Java\jdk1.8.0_11\jre\lib\sunrsasign.jar;C:\Program Files\Java\jdk1.8.0_11\jre\lib\jsse.jar;C:\Program Files\Java\jdk1.8.0_11\jre\lib\jce.jar;C:\Program Files\Java\jdk1.8.0_11\jre\lib\charsets.jar;C:\Program Files\Java\jdk1.8.0_11\jre\lib\jfr.jar;C:\Program Files\Java\jdk1.8.0_11\jre\classes"/>
    <property name="property" value=""/>
    <property name="java.vendor" value="Oracle Corporation"/>
    <property name="org.uncommons.reportng.escape-output" value="false"/>
    <property name="usedefaultlisteners" value="false"/>
    <property name="localRepository" value="C:\Users\shishir.dwivedi\.m2\repository"/>
    <property name="file.separator" value="\"/>
    <property name="java.vendor.url.bug" value="http://bugreport.sun.com/bugreport/"/>
    <property name="listener" value="org.uncommons.reportng.HTMLReporter,org.uncommons.reportng.JUnitXMLReporter"/>
    <property name="sun.cpu.endian" value="little"/>
    <property name="sun.io.unicode.encoding" value="UnicodeLittle"/>
    <property name="sun.desktop" value="windows"/>
    <property name="sun.cpu.isalist" value="amd64"/>
  </properties>
  <testcase classname="Test.AdminPanel.Filters.TestBlackListing" name="blackListedPhoneNoGlobal" time="0">
    <skipped/>
  </testcase>
  <testcase classname="Test.AdminPanel.Filters.TestBlackListing" name="tearDown" time="0.031">
    <failure message="The following asserts failed:
&lt;font color=&apos;Red&apos;&gt;Browser could not be opened&lt;/font&gt;&lt;/br&gt;This is generated by soft asset" type="java.lang.AssertionError">java.lang.AssertionError: The following asserts failed:
&lt;font color=&apos;Red&apos;&gt;Browser could not be opened&lt;/font&gt;&lt;/br&gt;This is generated by soft asset
	at org.testng.asserts.SoftAssert.assertAll(SoftAssert.java:38)
	at Utils.TestBase.tearDown(TestBase.java:132)
	at sun.reflect.NativeMethodAccessorImpl.invoke0(Native Method)
	at sun.reflect.NativeMethodAccessorImpl.invoke(NativeMethodAccessorImpl.java:62)
	at sun.reflect.DelegatingMethodAccessorImpl.invoke(DelegatingMethodAccessorImpl.java:43)
	at java.lang.reflect.Method.invoke(Method.java:483)
	at org.testng.internal.MethodInvocationHelper.invokeMethod(MethodInvocationHelper.java:84)
	at org.testng.internal.Invoker.invokeConfigurationMethod(Invoker.java:564)
	at org.testng.internal.Invoker.invokeConfigurations(Invoker.java:213)
	at org.testng.internal.Invoker.invokeConfigurations(Invoker.java:138)
	at org.testng.TestRunner.afterRun(TestRunner.java:1014)
	at org.testng.TestRunner.run(TestRunner.java:621)
	at org.testng.SuiteRunner.runTest(SuiteRunner.java:334)
	at org.testng.SuiteRunner.runSequentially(SuiteRunner.java:329)
	at org.testng.SuiteRunner.privateRun(SuiteRunner.java:291)
	at org.testng.SuiteRunner.run(SuiteRunner.java:240)
	at org.testng.SuiteRunnerWorker.runSuite(SuiteRunnerWorker.java:52)
	at org.testng.SuiteRunnerWorker.run(SuiteRunnerWorker.java:86)
	at org.testng.TestNG.runSuitesSequentially(TestNG.java:1224)
	at org.testng.TestNG.runSuitesLocally(TestNG.java:1149)
	at org.testng.TestNG.run(TestNG.java:1057)
	at org.apache.maven.surefire.testng.TestNGExecutor.run(TestNGExecutor.java:74)
	at org.apache.maven.surefire.testng.TestNGXmlTestSuite.execute(TestNGXmlTestSuite.java:92)
	at org.apache.maven.surefire.Surefire.run(Surefire.java:180)
	at sun.reflect.NativeMethodAccessorImpl.invoke0(Native Method)
	at sun.reflect.NativeMethodAccessorImpl.invoke(NativeMethodAccessorImpl.java:62)
	at sun.reflect.DelegatingMethodAccessorImpl.invoke(DelegatingMethodAccessorImpl.java:43)
	at java.lang.reflect.Method.invoke(Method.java:483)
	at org.apache.maven.surefire.booter.SurefireBooter.runSuitesInProcess(SurefireBooter.java:350)
	at org.apache.maven.surefire.booter.SurefireBooter.main(SurefireBooter.java:1021)
</failure>
  </testcase>
</testsuite>